<?xml version="1.0" encoding="UTF-8" ?>
<testsuite tests="12" failures="0" name="CalculatorTest" time="0.009" errors="0" skipped="0">
  <properties>
[...]
</properties>
  <testcase classname="CalculatorTest" name="whenDivide9By3ThenResult3" time="0.007"/>
  <testcase classname="CalculatorTest" name="whenDivide100By10ThenResult10" time="0"/>
  <testcase classname="CalculatorTest" name="squared6Equals36" time="0"/>
  <testcase classname="CalculatorTest" name="whenInputIncorrectValueThenThrowException" time="0"/>
  <testcase classname="CalculatorTest" name="when3MultipleBy3ThenResult9" time="0"/>
  <testcase classname="CalculatorTest" name="squared10Equals100" time="0"/>
  <testcase classname="CalculatorTest" name="whenDivideIncorrectValueThenThrowException" time="0.001"/>
  <testcase classname="CalculatorTest" name="whenDivide6By3AsStringThenResult2" time="0"/>
  <testcase classname="CalculatorTest" name="whenAddTenToFiveThenResultFifteen" time="0"/>
  <testcase classname="CalculatorTest" name="whenAdd100To50ThenResult150" time="0.001"/>
  <testcase classname="CalculatorTest" name="when5MultipleBy10ThenResult50" time="0"/>
  <testcase classname="CalculatorTest" name="when5AddTo10AsStringThenResult15" time="0"/>
</testsuite>